<?xml version="1.0" encoding="UTF-8"?>
<testsuite name="com.learntech.k8slearning.K8sLearningApplicationTests" tests="1" skipped="0" failures="0" errors="0" timestamp="2023-12-15T14:22:30" hostname="Uthirarajs-Air.lan" time="0.962">
  <properties/>
  <testcase name="contextLoads()" classname="com.learntech.k8slearning.K8sLearningApplicationTests" time="0.962"/>
  <system-out><![CDATA[08:22:26.668 [Test worker] INFO org.springframework.test.context.support.AnnotationConfigContextLoaderUtils -- Could not detect default configuration classes for test class [com.learntech.k8slearning.K8sLearningApplicationTests]: K8sLearningApplicationTests does not declare any static, non-private, non-final, nested classes annotated with @Configuration.
08:22:26.810 [Test worker] INFO org.springframework.boot.test.context.SpringBootTestContextBootstrapper -- Found @SpringBootConfiguration com.learntech.k8slearning.K8sLearningApplication for test class com.learntech.k8slearning.K8sLearningApplicationTests

  .   ____          _            __ _ _
 /\\ / ___'_ __ _ _(_)_ __  __ _ \ \ \ \
( ( )\___ | '_ | '_| | '_ \/ _` | \ \ \ \
 \\/  ___)| |_)| | | | | || (_| |  ) ) ) )
  '  |____| .__|_| |_|_| |_\__, | / / / /
 =========|_|==============|___/=/_/_/_/
 :: Spring Boot ::                (v3.2.0)

2023-12-15T08:22:27.387-06:00  INFO 5268 --- [    Test worker] c.l.k.K8sLearningApplicationTests        : Starting K8sLearningApplicationTests using Java 17.0.9 with PID 5268 (started by prajosh in /Users/prajosh/Development/k8s-learning)
2023-12-15T08:22:27.391-06:00  INFO 5268 --- [    Test worker] c.l.k.K8sLearningApplicationTests        : No active profile set, falling back to 1 default profile: "default"
2023-12-15T08:22:29.913-06:00  INFO 5268 --- [    Test worker] o.s.b.a.e.web.EndpointLinksResolver      : Exposing 1 endpoint(s) beneath base path '/actuator'
2023-12-15T08:22:30.018-06:00  INFO 5268 --- [    Test worker] c.l.k.K8sLearningApplicationTests        : Started K8sLearningApplicationTests in 2.991 seconds (process running for 4.608)
]]></system-out>
  <system-err><![CDATA[]]></system-err>
</testsuite>
